{"/home/deepak/WebstormProjects/test-driven-nodejs-development/index.js":{"path":"/home/deepak/WebstormProjects/test-driven-nodejs-development/index.js","s":{"1":1,"2":4,"3":4,"4":4,"5":2,"6":2,"7":7,"8":7,"9":7,"10":14,"11":2,"12":2,"13":1,"14":1,"15":1,"16":1,"17":1},"b":{"1":[2,2],"2":[21,16]},"f":{"1":4,"2":1,"3":1},"fnMap":{"1":{"name":"nextPrime","line":1,"loc":{"start":{"line":1,"column":0},"end":{"line":1,"column":22}}},"2":{"name":"asyncPrime","line":20,"loc":{"start":{"line":20,"column":0},"end":{"line":20,"column":27}}},"3":{"name":"(anonymous_3)","line":21,"loc":{"start":{"line":21,"column":15},"end":{"line":21,"column":26}}}},"statementMap":{"1":{"start":{"line":1,"column":0},"end":{"line":18,"column":1}},"2":{"start":{"line":2,"column":4},"end":{"line":2,"column":16}},"3":{"start":{"line":3,"column":4},"end":{"line":3,"column":22}},"4":{"start":{"line":5,"column":4},"end":{"line":17,"column":5}},"5":{"start":{"line":6,"column":8},"end":{"line":6,"column":20}},"6":{"start":{"line":7,"column":8},"end":{"line":13,"column":9}},"7":{"start":{"line":8,"column":12},"end":{"line":8,"column":16}},"8":{"start":{"line":9,"column":12},"end":{"line":9,"column":24}},"9":{"start":{"line":10,"column":12},"end":{"line":12,"column":13}},"10":{"start":{"line":11,"column":16},"end":{"line":11,"column":26}},"11":{"start":{"line":14,"column":8},"end":{"line":14,"column":17}},"12":{"start":{"line":16,"column":8},"end":{"line":16,"column":17}},"13":{"start":{"line":20,"column":0},"end":{"line":24,"column":1}},"14":{"start":{"line":21,"column":4},"end":{"line":23,"column":13}},"15":{"start":{"line":22,"column":8},"end":{"line":22,"column":25}},"16":{"start":{"line":26,"column":0},"end":{"line":26,"column":37}},"17":{"start":{"line":27,"column":0},"end":{"line":27,"column":39}}},"branchMap":{"1":{"line":5,"type":"if","locations":[{"start":{"line":5,"column":4},"end":{"line":5,"column":4}},{"start":{"line":5,"column":4},"end":{"line":5,"column":4}}]},"2":{"line":10,"type":"binary-expr","locations":[{"start":{"line":10,"column":20},"end":{"line":10,"column":35}},{"start":{"line":10,"column":41},"end":{"line":10,"column":63}}]}}}}